Base path: C:/Program Files/Unity/Editor/Data
Pipe name: \\.\pipe\UnityShaderCompiler-64bit-2-188
Cmd: getPlatforms
Cmd: compileSnippet
  api=1 type=0 insize=982 outsize=842 kw=DIRECTIONAL SHADOWS_OFF LIGHTMAP_OFF DIRLIGHTMAP_OFF DYNAMICLIGHTMAP_OFF ok=1
Cmd: compileSnippet
  api=1 type=0 insize=982 outsize=1336 kw=DIRECTIONAL SHADOWS_OFF LIGHTMAP_OFF DIRLIGHTMAP_OFF DYNAMICLIGHTMAP_OFF VERTEXLIGHT_ON ok=1
Cmd: compileSnippet
  api=4 type=0 insize=982 outsize=5377 kw=DIRECTIONAL SHADOWS_OFF LIGHTMAP_OFF DIRLIGHTMAP_OFF DYNAMICLIGHTMAP_OFF VERTEXLIGHT_ON ok=1
Cmd: compileSnippet
  api=0 type=0 insize=982 outsize=11168 kw=DIRECTIONAL SHADOWS_SCREEN LIGHTMAP_OFF DIRLIGHTMAP_OFF DYNAMICLIGHTMAP_OFF VERTEXLIGHT_ON ok=1
Cmd: compileSnippet
  api=1 type=1 insize=982 outsize=3686 kw=DIRECTIONAL SHADOWS_SCREEN LIGHTMAP_OFF DIRLIGHTMAP_OFF DYNAMICLIGHTMAP_OFF ok=1
Cmd: compileSnippet
  api=1 type=0 insize=938 outsize=901 kw=POINT SHADOWS_OFF ok=1
Cmd: compileSnippet
  api=1 type=0 insize=938 outsize=808 kw=DIRECTIONAL SHADOWS_OFF ok=1
Cmd: compileSnippet
  api=1 type=0 insize=938 outsize=915 kw=SPOT SHADOWS_OFF ok=1
Cmd: compileSnippet
  api=4 type=0 insize=938 outsize=4711 kw=SPOT SHADOWS_OFF ok=1
Cmd: compileSnippet
  api=0 type=0 insize=938 outsize=6062 kw=POINT_COOKIE SHADOWS_OFF ok=1
Cmd: compileSnippet
  api=4 type=0 insize=938 outsize=5125 kw=SPOT SHADOWS_DEPTH SHADOWS_NATIVE ok=1
Cmd: compileSnippet
  api=1 type=0 insize=938 outsize=977 kw=DIRECTIONAL SHADOWS_SCREEN ok=1
Cmd: compileSnippet
  api=4 type=0 insize=938 outsize=4378 kw=DIRECTIONAL SHADOWS_SCREEN ok=1
Cmd: compileSnippet
  api=0 type=0 insize=938 outsize=6322 kw=DIRECTIONAL_COOKIE SHADOWS_SCREEN ok=1
Cmd: compileSnippet
  api=1 type=0 insize=938 outsize=1005 kw=SPOT SHADOWS_DEPTH SHADOWS_SOFT SHADOWS_NATIVE ok=1
Cmd: compileSnippet
  api=4 type=0 insize=938 outsize=5125 kw=SPOT SHADOWS_DEPTH SHADOWS_SOFT SHADOWS_NATIVE ok=1
Cmd: compileSnippet
  api=0 type=0 insize=938 outsize=7666 kw=POINT SHADOWS_CUBE SHADOWS_SOFT ok=1
Cmd: compileSnippet
  api=4 type=1 insize=938 outsize=5889 kw=POINT SHADOWS_OFF ok=1
Cmd: compileSnippet
  api=4 type=1 insize=938 outsize=6385 kw=SPOT SHADOWS_OFF ok=1
Cmd: compileSnippet
  api=0 type=1 insize=938 outsize=6 kw=SPOT SHADOWS_DEPTH SHADOWS_NATIVE ok=1
Cmd: compileSnippet
  api=1 type=1 insize=938 outsize=2235 kw=SPOT SHADOWS_DEPTH SHADOWS_NATIVE ok=1
Cmd: compileSnippet
  api=0 type=1 insize=938 outsize=6 kw=DIRECTIONAL_COOKIE SHADOWS_SCREEN ok=1
Cmd: compileSnippet
  api=1 type=1 insize=938 outsize=2053 kw=DIRECTIONAL_COOKIE SHADOWS_SCREEN ok=1
Cmd: compileSnippet
  api=0 type=1 insize=938 outsize=6 kw=POINT_COOKIE SHADOWS_CUBE ok=1
Cmd: compileSnippet
  api=1 type=1 insize=938 outsize=2274 kw=POINT_COOKIE SHADOWS_CUBE ok=1
Cmd: compileSnippet
  api=4 type=1 insize=938 outsize=7417 kw=POINT SHADOWS_CUBE SHADOWS_SOFT ok=1
Cmd: compileSnippet
  api=1 type=0 insize=751 outsize=199 kw=SHADOWS_CUBE ok=1
Cmd: compileSnippet
  api=4 type=0 insize=751 outsize=1404 kw=SHADOWS_CUBE ok=1
Cmd: compileSnippet
  api=1 type=1 insize=751 outsize=65 kw=SHADOWS_DEPTH ok=1
Cmd: compileSnippet
  api=0 type=0 insize=1152 outsize=8326 kw=LIGHTMAP_OFF DIRLIGHTMAP_OFF DYNAMICLIGHTMAP_OFF UNITY_HDR_ON ok=1
Cmd: compileSnippet
  api=1 type=1 insize=1152 outsize=2392 kw=LIGHTMAP_OFF DIRLIGHTMAP_OFF DYNAMICLIGHTMAP_OFF ok=1
Cmd: compileSnippet
  api=8 type=0 insize=886 outsize=6330 kw=DIRECTIONAL SHADOWS_OFF LIGHTMAP_OFF DIRLIGHTMAP_OFF DYNAMICLIGHTMAP_OFF ok=1
Cmd: compileSnippet
  api=4 type=0 insize=886 outsize=4654 kw=DIRECTIONAL SHADOWS_SCREEN LIGHTMAP_OFF DIRLIGHTMAP_OFF DYNAMICLIGHTMAP_OFF ok=1
Cmd: compileSnippet
  api=1 type=0 insize=886 outsize=1345 kw=DIRECTIONAL SHADOWS_OFF LIGHTMAP_OFF DIRLIGHTMAP_OFF DYNAMICLIGHTMAP_OFF VERTEXLIGHT_ON ok=1
Cmd: compileSnippet
  api=4 type=0 insize=886 outsize=5710 kw=DIRECTIONAL SHADOWS_OFF LIGHTMAP_OFF DIRLIGHTMAP_OFF DYNAMICLIGHTMAP_OFF VERTEXLIGHT_ON ok=1
Cmd: compileSnippet
  api=8 type=0 insize=886 outsize=8637 kw=DIRECTIONAL SHADOWS_OFF LIGHTMAP_OFF DIRLIGHTMAP_OFF DYNAMICLIGHTMAP_OFF VERTEXLIGHT_ON ok=1
Cmd: compileSnippet
  api=1 type=0 insize=886 outsize=1473 kw=DIRECTIONAL SHADOWS_SCREEN LIGHTMAP_OFF DIRLIGHTMAP_OFF DYNAMICLIGHTMAP_OFF VERTEXLIGHT_ON ok=1
Cmd: compileSnippet
  api=8 type=0 insize=886 outsize=7386 kw=DIRECTIONAL SHADOWS_SCREEN SHADOWS_NATIVE LIGHTMAP_OFF DIRLIGHTMAP_OFF DYNAMICLIGHTMAP_OFF ok=1
Cmd: compileSnippet
  api=8 type=1 insize=886 outsize=5818 kw=DIRECTIONAL SHADOWS_OFF LIGHTMAP_OFF DIRLIGHTMAP_OFF DYNAMICLIGHTMAP_OFF ok=1
Cmd: compileSnippet
  api=4 type=0 insize=816 outsize=5020 kw=POINT SHADOWS_OFF ok=1
Cmd: compileSnippet
  api=1 type=0 insize=816 outsize=781 kw=DIRECTIONAL SHADOWS_OFF ok=1
Cmd: compileSnippet
  api=4 type=0 insize=816 outsize=4175 kw=DIRECTIONAL SHADOWS_OFF ok=1
Cmd: compileSnippet
  api=0 type=0 insize=816 outsize=4938 kw=SPOT SHADOWS_OFF ok=1
Cmd: compileSnippet
  api=1 type=0 insize=816 outsize=837 kw=DIRECTIONAL_COOKIE SHADOWS_OFF ok=1
Cmd: compileSnippet
  api=8 type=0 insize=816 outsize=7093 kw=DIRECTIONAL_COOKIE SHADOWS_OFF ok=1
Cmd: compileSnippet
  api=4 type=0 insize=816 outsize=5434 kw=SPOT SHADOWS_DEPTH SHADOWS_NATIVE ok=1
Cmd: compileSnippet
  api=0 type=0 insize=816 outsize=4934 kw=DIRECTIONAL SHADOWS_SCREEN ok=1
Cmd: compileSnippet
  api=1 type=0 insize=816 outsize=893 kw=POINT_COOKIE SHADOWS_CUBE ok=1
Cmd: compileSnippet
  api=8 type=0 insize=816 outsize=7451 kw=POINT_COOKIE SHADOWS_CUBE ok=1
Cmd: compileSnippet
  api=4 type=1 insize=816 outsize=2883 kw=POINT SHADOWS_OFF ok=1
Cmd: compileSnippet
  api=0 type=1 insize=816 outsize=6 kw=SPOT SHADOWS_OFF ok=1
Cmd: compileSnippet
  api=1 type=1 insize=816 outsize=917 kw=SPOT SHADOWS_OFF ok=1
Cmd: compileSnippet
  api=4 type=1 insize=816 outsize=3070 kw=POINT_COOKIE SHADOWS_OFF ok=1
Cmd: compileSnippet
  api=0 type=1 insize=816 outsize=6 kw=DIRECTIONAL_COOKIE SHADOWS_OFF ok=1
Cmd: compileSnippet
  api=1 type=1 insize=816 outsize=791 kw=DIRECTIONAL_COOKIE SHADOWS_OFF ok=1
Cmd: compileSnippet
  api=0 type=1 insize=816 outsize=6 kw=SPOT SHADOWS_DEPTH SHADOWS_NATIVE ok=1
Cmd: compileSnippet
  api=4 type=1 insize=816 outsize=3898 kw=SPOT SHADOWS_DEPTH SHADOWS_NATIVE ok=1
Cmd: compileSnippet
  api=0 type=1 insize=816 outsize=6 kw=DIRECTIONAL SHADOWS_SCREEN ok=1
Cmd: compileSnippet
  api=1 type=1 insize=816 outsize=789 kw=DIRECTIONAL SHADOWS_SCREEN ok=1
Cmd: compileSnippet
  api=4 type=1 insize=816 outsize=3143 kw=DIRECTIONAL_COOKIE SHADOWS_SCREEN ok=1
Cmd: compileSnippet
  api=0 type=1 insize=816 outsize=6 kw=POINT_COOKIE SHADOWS_CUBE ok=1
Cmd: compileSnippet
  api=1 type=1 insize=816 outsize=1025 kw=POINT_COOKIE SHADOWS_CUBE ok=1
Cmd: compileSnippet
  api=8 type=1 insize=816 outsize=4591 kw=DIRECTIONAL SHADOWS_SCREEN SHADOWS_NATIVE ok=1
Cmd: compileSnippet
  api=4 type=0 insize=600 outsize=3517 kw=SHADOWS_DEPTH ok=1
Cmd: compileSnippet
  api=1 type=0 insize=600 outsize=172 kw=SHADOWS_CUBE ok=1
Cmd: compileSnippet
  api=4 type=0 insize=600 outsize=1404 kw=SHADOWS_CUBE ok=1
Cmd: compileSnippet
  api=4 type=1 insize=600 outsize=364 kw=SHADOWS_DEPTH ok=1
Cmd: compileSnippet
  api=1 type=0 insize=9591 outsize=4196 kw= ok=1
Cmd: compileSnippet
  api=0 type=0 insize=9591 outsize=6366 kw=UNITY_COLORSPACE_GAMMA ok=1
Cmd: compileSnippet
  api=1 type=1 insize=9591 outsize=837 kw= ok=1
Cmd: compileSnippet
  api=8 type=1 insize=9591 outsize=4233 kw=UNITY_COLORSPACE_GAMMA ok=1
Cmd: compileSnippet
  api=8 type=0 insize=541 outsize=5379 kw=SHADOWS_DEPTH ok=1
Cmd: compileSnippet
  api=1 type=1 insize=541 outsize=61 kw=SHADOWS_DEPTH ok=1
Cmd: compileSnippet
  api=1 type=0 insize=6810 outsize=580 kw=DIRECTIONAL SHADOWS_OFF LIGHTMAP_OFF DIRLIGHTMAP_OFF DYNAMICLIGHTMAP_OFF ok=1
Cmd: compileSnippet
  api=1 type=0 insize=6810 outsize=708 kw=DIRECTIONAL SHADOWS_SCREEN LIGHTMAP_OFF DIRLIGHTMAP_OFF DYNAMICLIGHTMAP_OFF ok=1
Cmd: compileSnippet
  api=0 type=0 insize=6810 outsize=3245 kw=DIRECTIONAL SHADOWS_OFF LIGHTMAP_OFF DIRLIGHTMAP_OFF DYNAMICLIGHTMAP_OFF VERTEXLIGHT_ON ok=1
Cmd: compileSnippet
  api=8 type=1 insize=6810 outsize=1934 kw=DIRECTIONAL SHADOWS_OFF LIGHTMAP_OFF DIRLIGHTMAP_OFF DYNAMICLIGHTMAP_OFF ok=1
Cmd: compileSnippet
  api=1 type=0 insize=3647 outsize=339 kw=POINT ok=1
Cmd: compileSnippet
  api=0 type=0 insize=3647 outsize=1476 kw=DIRECTIONAL ok=1
Cmd: compileSnippet
  api=0 type=0 insize=3647 outsize=1707 kw=DIRECTIONAL_COOKIE ok=1
Cmd: compileSnippet
  api=4 type=1 insize=3647 outsize=1932 kw=POINT ok=1
Cmd: compileSnippet
  api=1 type=1 insize=3647 outsize=588 kw=SPOT ok=1
Cmd: compileSnippet
  api=0 type=1 insize=3647 outsize=6 kw=POINT_COOKIE ok=1
Cmd: compileSnippet
  api=1 type=1 insize=3647 outsize=490 kw=POINT_COOKIE ok=1
Cmd: compileSnippet
  api=0 type=1 insize=3647 outsize=6 kw=DIRECTIONAL_COOKIE ok=1
Cmd: compileSnippet
  api=1 type=1 insize=3647 outsize=361 kw=DIRECTIONAL_COOKIE ok=1
Cmd: compileSnippet
  api=8 type=1 insize=3647 outsize=2495 kw=DIRECTIONAL_COOKIE ok=1
Cmd: compileSnippet
  api=8 type=0 insize=2805 outsize=3567 kw= ok=1
Cmd: compileSnippet
  api=8 type=1 insize=2805 outsize=967 kw= ok=1
Cmd: compileSnippet
  api=4 type=0 insize=5974 outsize=4061 kw=LIGHTMAP_OFF DIRLIGHTMAP_OFF DYNAMICLIGHTMAP_OFF HDR_LIGHT_PREPASS_OFF ok=1
Cmd: compileSnippet
  api=1 type=0 insize=5974 outsize=707 kw=LIGHTMAP_OFF DIRLIGHTMAP_OFF DYNAMICLIGHTMAP_OFF UNITY_HDR_ON ok=1
Cmd: compileSnippet
  api=8 type=0 insize=5974 outsize=5810 kw=LIGHTMAP_OFF DIRLIGHTMAP_OFF DYNAMICLIGHTMAP_OFF UNITY_HDR_ON ok=1
Cmd: compileSnippet
  api=4 type=1 insize=5974 outsize=1347 kw=LIGHTMAP_OFF DIRLIGHTMAP_OFF DYNAMICLIGHTMAP_OFF HDR_LIGHT_PREPASS_OFF ok=1
Cmd: compileSnippet
  api=8 type=1 insize=5974 outsize=1902 kw=LIGHTMAP_OFF DIRLIGHTMAP_OFF DYNAMICLIGHTMAP_OFF UNITY_HDR_ON ok=1
Cmd: compileSnippet
  api=4 type=0 insize=5928 outsize=3785 kw=LIGHTMAP_OFF DIRLIGHTMAP_OFF DYNAMICLIGHTMAP_OFF HDR_LIGHT_PREPASS_OFF ok=1
Cmd: compileSnippet
  api=1 type=0 insize=5928 outsize=595 kw=LIGHTMAP_OFF DIRLIGHTMAP_OFF DYNAMICLIGHTMAP_OFF UNITY_HDR_ON ok=1
Cmd: compileSnippet
  api=8 type=0 insize=5928 outsize=5379 kw=LIGHTMAP_OFF DIRLIGHTMAP_OFF DYNAMICLIGHTMAP_OFF UNITY_HDR_ON ok=1
Cmd: compileSnippet
  api=8 type=1 insize=5928 outsize=2340 kw=LIGHTMAP_OFF DIRLIGHTMAP_OFF DYNAMICLIGHTMAP_OFF HDR_LIGHT_PREPASS_OFF ok=1
Cmd: compileSnippet
  api=1 type=0 insize=1275 outsize=441 kw=POINT SHADOWS_OFF ok=1
Cmd: compileSnippet
  api=1 type=0 insize=1275 outsize=441 kw=DIRECTIONAL SHADOWS_OFF ok=1
Cmd: compileSnippet
  api=0 type=0 insize=1275 outsize=3025 kw=SPOT SHADOWS_OFF ok=1
Cmd: compileSnippet
  api=1 type=0 insize=1275 outsize=441 kw=DIRECTIONAL_COOKIE SHADOWS_OFF ok=1
Cmd: compileSnippet
  api=0 type=0 insize=1275 outsize=3549 kw=SPOT SHADOWS_DEPTH SHADOWS_NATIVE ok=1
Cmd: compileSnippet
  api=1 type=0 insize=1275 outsize=441 kw=POINT SHADOWS_CUBE ok=1
Cmd: compileSnippet
  api=4 type=0 insize=1275 outsize=1940 kw=POINT SHADOWS_CUBE ok=1
Cmd: compileSnippet
  api=0 type=0 insize=1275 outsize=3484 kw=POINT_COOKIE SHADOWS_CUBE ok=1
Cmd: compileSnippet
  api=4 type=0 insize=1275 outsize=1940 kw=POINT_COOKIE SHADOWS_CUBE SHADOWS_SOFT ok=1
Cmd: compileSnippet
  api=0 type=1 insize=1275 outsize=6 kw=DIRECTIONAL SHADOWS_OFF ok=1
Cmd: compileSnippet
  api=4 type=1 insize=1275 outsize=3939 kw=DIRECTIONAL SHADOWS_OFF ok=1
Cmd: compileSnippet
  api=0 type=1 insize=1275 outsize=6 kw=POINT_COOKIE SHADOWS_OFF ok=1
Cmd: compileSnippet
  api=1 type=1 insize=1275 outsize=1555 kw=POINT_COOKIE SHADOWS_OFF ok=1
Cmd: compileSnippet
  api=4 type=1 insize=1275 outsize=4516 kw=DIRECTIONAL_COOKIE SHADOWS_OFF ok=1
Cmd: compileSnippet
  api=4 type=1 insize=1275 outsize=4240 kw=DIRECTIONAL SHADOWS_SCREEN ok=1
Cmd: compileSnippet
  api=4 type=1 insize=1275 outsize=4987 kw=POINT SHADOWS_CUBE ok=1
Cmd: compileSnippet
  api=4 type=1 insize=1275 outsize=6653 kw=SPOT SHADOWS_DEPTH SHADOWS_SOFT SHADOWS_NATIVE ok=1
Cmd: compileSnippet
  api=0 type=0 insize=1268 outsize=2495 kw=DIRECTIONAL SHADOWS_OFF ok=1
Cmd: compileSnippet
  api=1 type=0 insize=1268 outsize=441 kw=POINT_COOKIE SHADOWS_OFF ok=1
Cmd: compileSnippet
  api=0 type=0 insize=1268 outsize=2751 kw=DIRECTIONAL_COOKIE SHADOWS_OFF ok=1
Cmd: compileSnippet
  api=1 type=0 insize=1268 outsize=441 kw=DIRECTIONAL SHADOWS_SCREEN ok=1
Cmd: compileSnippet
  api=0 type=0 insize=1268 outsize=3009 kw=DIRECTIONAL_COOKIE SHADOWS_SCREEN ok=1
Cmd: compileSnippet
  api=1 type=0 insize=1268 outsize=441 kw=SPOT SHADOWS_DEPTH SHADOWS_SOFT SHADOWS_NATIVE ok=1
Cmd: compileSnippet
  api=0 type=0 insize=1268 outsize=4203 kw=POINT SHADOWS_CUBE SHADOWS_SOFT ok=1
Cmd: compileSnippet
  api=4 type=1 insize=1268 outsize=4451 kw=POINT SHADOWS_OFF ok=1
Cmd: compileSnippet
  api=4 type=1 insize=1268 outsize=4930 kw=POINT_COOKIE SHADOWS_OFF ok=1
Cmd: compileSnippet
  api=4 type=1 insize=1268 outsize=5995 kw=SPOT SHADOWS_DEPTH SHADOWS_NATIVE ok=1
Cmd: compileSnippet
  api=4 type=1 insize=1268 outsize=4800 kw=DIRECTIONAL_COOKIE SHADOWS_SCREEN ok=1
Cmd: compileSnippet
  api=0 type=1 insize=1268 outsize=6 kw=POINT SHADOWS_CUBE SHADOWS_SOFT ok=1
Cmd: compileSnippet
  api=1 type=1 insize=1268 outsize=1815 kw=POINT SHADOWS_CUBE SHADOWS_SOFT ok=1
Cmd: compileSnippet
  api=1 type=0 insize=1273 outsize=441 kw=POINT SHADOWS_OFF ok=1
Cmd: compileSnippet
  api=1 type=0 insize=1273 outsize=441 kw=DIRECTIONAL SHADOWS_OFF ok=1
Cmd: compileSnippet
  api=0 type=0 insize=1273 outsize=3021 kw=SPOT SHADOWS_OFF ok=1
Cmd: compileSnippet
  api=4 type=0 insize=1273 outsize=1940 kw=DIRECTIONAL_COOKIE SHADOWS_OFF ok=1
Cmd: compileSnippet
  api=1 type=0 insize=1273 outsize=441 kw=SPOT SHADOWS_DEPTH SHADOWS_NATIVE ok=1
Cmd: compileSnippet
  api=4 type=0 insize=1273 outsize=1940 kw=SPOT SHADOWS_DEPTH SHADOWS_NATIVE ok=1
Cmd: compileSnippet
  api=1 type=0 insize=1273 outsize=441 kw=DIRECTIONAL SHADOWS_SCREEN ok=1
Cmd: compileSnippet
  api=4 type=0 insize=1273 outsize=1940 kw=DIRECTIONAL SHADOWS_SCREEN ok=1
Cmd: compileSnippet
  api=0 type=0 insize=1273 outsize=3014 kw=DIRECTIONAL_COOKIE SHADOWS_SCREEN ok=1
Cmd: compileSnippet
  api=0 type=0 insize=1273 outsize=4122 kw=SPOT SHADOWS_DEPTH SHADOWS_SOFT SHADOWS_NATIVE ok=1
Cmd: compileSnippet
  api=4 type=0 insize=1273 outsize=1940 kw=POINT_COOKIE SHADOWS_CUBE SHADOWS_SOFT ok=1
Cmd: compileSnippet
  api=0 type=1 insize=1273 outsize=6 kw=DIRECTIONAL SHADOWS_OFF ok=1
Cmd: compileSnippet
  api=4 type=1 insize=1273 outsize=3890 kw=DIRECTIONAL SHADOWS_OFF ok=1
Cmd: compileSnippet
  api=1 type=1 insize=1273 outsize=1481 kw=POINT_COOKIE SHADOWS_OFF ok=1
Cmd: compileSnippet
  api=4 type=1 insize=1273 outsize=4467 kw=DIRECTIONAL_COOKIE SHADOWS_OFF ok=1
Cmd: compileSnippet
  api=4 type=1 insize=1273 outsize=4191 kw=DIRECTIONAL SHADOWS_SCREEN ok=1
Cmd: compileSnippet
  api=4 type=1 insize=1273 outsize=4800 kw=DIRECTIONAL_COOKIE SHADOWS_SCREEN ok=1
Cmd: compileSnippet
  api=0 type=1 insize=1273 outsize=6 kw=SPOT SHADOWS_DEPTH SHADOWS_SOFT SHADOWS_NATIVE ok=1
Cmd: compileSnippet
  api=1 type=1 insize=1273 outsize=1967 kw=SPOT SHADOWS_DEPTH SHADOWS_SOFT SHADOWS_NATIVE ok=1
Cmd: compileSnippet
  api=0 type=1 insize=1273 outsize=6 kw=POINT_COOKIE SHADOWS_CUBE SHADOWS_SOFT ok=1
Cmd: compileSnippet
  api=1 type=1 insize=1273 outsize=1943 kw=POINT_COOKIE SHADOWS_CUBE SHADOWS_SOFT ok=1
Cmd: compileSnippet
  api=4 type=0 insize=1934 outsize=1940 kw=POINT SHADOWS_OFF ok=1
Cmd: compileSnippet
  api=1 type=0 insize=1934 outsize=441 kw=DIRECTIONAL SHADOWS_OFF ok=1
Cmd: compileSnippet
  api=0 type=0 insize=1934 outsize=3948 kw=SPOT SHADOWS_OFF ok=1
Cmd: compileSnippet
  api=0 type=0 insize=1934 outsize=3672 kw=DIRECTIONAL_COOKIE SHADOWS_OFF ok=1
Cmd: compileSnippet
  api=1 type=0 insize=1934 outsize=441 kw=DIRECTIONAL_COOKIE SHADOWS_SCREEN ok=1
Cmd: compileSnippet
  api=0 type=0 insize=1934 outsize=4216 kw=POINT SHADOWS_CUBE ok=1
Cmd: compileSnippet
  api=1 type=0 insize=1934 outsize=441 kw=POINT SHADOWS_CUBE SHADOWS_SOFT ok=1
Cmd: compileSnippet
  api=4 type=0 insize=1934 outsize=1940 kw=POINT SHADOWS_CUBE SHADOWS_SOFT ok=1
Cmd: compileSnippet
  api=1 type=0 insize=1934 outsize=441 kw=POINT_COOKIE SHADOWS_CUBE SHADOWS_SOFT ok=1
Cmd: compileSnippet
  api=4 type=0 insize=1934 outsize=1940 kw=POINT_COOKIE SHADOWS_CUBE SHADOWS_SOFT ok=1
Cmd: compileSnippet
  api=0 type=0 insize=1934 outsize=3654 kw=POINT SHADOWS_OFF UNITY_HDR_ON ok=1
Cmd: compileSnippet
  api=0 type=0 insize=1934 outsize=3863 kw=POINT_COOKIE SHADOWS_OFF UNITY_HDR_ON ok=1
Cmd: compileSnippet
  api=0 type=0 insize=1934 outsize=3907 kw=DIRECTIONAL SHADOWS_SCREEN UNITY_HDR_ON ok=1
Cmd: compileSnippet
  api=1 type=0 insize=1934 outsize=441 kw=POINT_COOKIE SHADOWS_CUBE UNITY_HDR_ON ok=1
Cmd: compileSnippet
  api=0 type=0 insize=1934 outsize=5257 kw=SPOT SHADOWS_DEPTH SHADOWS_SOFT SHADOWS_NATIVE UNITY_HDR_ON ok=1
Cmd: compileSnippet
  api=1 type=1 insize=1934 outsize=2194 kw=POINT SHADOWS_OFF ok=1
Cmd: compileSnippet
  api=4 type=1 insize=1934 outsize=7246 kw=SPOT SHADOWS_OFF ok=1
Cmd: compileSnippet
  api=0 type=1 insize=1934 outsize=6 kw=DIRECTIONAL_COOKIE SHADOWS_OFF ok=1
Cmd: compileSnippet
  api=4 type=1 insize=1934 outsize=6531 kw=DIRECTIONAL_COOKIE SHADOWS_OFF ok=1
Cmd: compileSnippet
  api=4 type=1 insize=1934 outsize=6775 kw=DIRECTIONAL SHADOWS_SCREEN ok=1
Cmd: compileSnippet
  api=0 type=1 insize=1934 outsize=6 kw=POINT_COOKIE SHADOWS_CUBE ok=1
Cmd: compileSnippet
  api=1 type=1 insize=1934 outsize=2505 kw=POINT_COOKIE SHADOWS_CUBE ok=1
Cmd: compileSnippet
  api=4 type=1 insize=1934 outsize=9074 kw=SPOT SHADOWS_DEPTH SHADOWS_SOFT SHADOWS_NATIVE ok=1
Cmd: compileSnippet
  api=4 type=1 insize=1934 outsize=8294 kw=POINT_COOKIE SHADOWS_CUBE SHADOWS_SOFT ok=1
Cmd: compileSnippet
  api=0 type=1 insize=1934 outsize=6 kw=POINT_COOKIE SHADOWS_OFF UNITY_HDR_ON ok=1
Cmd: compileSnippet
  api=1 type=1 insize=1934 outsize=2280 kw=POINT_COOKIE SHADOWS_OFF UNITY_HDR_ON ok=1
Cmd: compileSnippet
  api=0 type=1 insize=1934 outsize=6 kw=SPOT SHADOWS_DEPTH SHADOWS_NATIVE UNITY_HDR_ON ok=1
Cmd: compileSnippet
  api=1 type=1 insize=1934 outsize=2686 kw=SPOT SHADOWS_DEPTH SHADOWS_NATIVE UNITY_HDR_ON ok=1
Cmd: compileSnippet
  api=4 type=1 insize=1934 outsize=7181 kw=DIRECTIONAL_COOKIE SHADOWS_SCREEN UNITY_HDR_ON ok=1
Cmd: compileSnippet
  api=1 type=1 insize=1934 outsize=2930 kw=SPOT SHADOWS_DEPTH SHADOWS_SOFT SHADOWS_NATIVE UNITY_HDR_ON ok=1
Cmd: compileSnippet
  api=0 type=1 insize=1934 outsize=6 kw=POINT_COOKIE SHADOWS_CUBE SHADOWS_SOFT UNITY_HDR_ON ok=1
Cmd: compileSnippet
  api=1 type=1 insize=1934 outsize=2688 kw=POINT_COOKIE SHADOWS_CUBE SHADOWS_SOFT UNITY_HDR_ON ok=1
Cmd: compileSnippet
  api=4 type=0 insize=1051 outsize=1250 kw= ok=1
Cmd: compileSnippet
  api=8 type=1 insize=1051 outsize=1349 kw= ok=1
Cmd: compileSnippet
  api=1 type=0 insize=1089 outsize=253 kw= ok=1
Cmd: compileSnippet
  api=8 type=1 insize=1089 outsize=1414 kw= ok=1
Cmd: compileSnippet
  api=4 type=1 insize=6481 outsize=26860 kw= ok=1
Cmd: compileSnippet
  api=1 type=1 insize=723 outsize=98 kw= ok=1
Cmd: compileSnippet
  api=1 type=0 insize=1079 outsize=159 kw= ok=1
Cmd: compileSnippet
  api=1 type=1 insize=1079 outsize=346 kw= ok=1
Unhandled exception: Readfile from pipe failed. GLE=The pipe has been ended.


Quitting shader compiler process

Crashed!
